
============= MEMWATCH 2.71 Copyright (C) 1992-1999 Johan Lindh =============

Started at Mon Nov 30 10:25:58 2015

Modes: __STDC__ 64-bit mwDWORD==(unsigned int)
mwROUNDALLOC==8 sizeof(mwData)==56 mwDataSize==56


Stopped at Mon Nov 30 10:25:58 2015

unfreed: <3> lyrebird.client.c(132), 1200 bytes at 0x190a610  	{2E 2F 68 61 68 61 00 70 74 65 64 5F 74 77 65 65 ./haha.pted_twee}
unfreed: <2> lyrebird.client.c(131), 1200 bytes at 0x190a110  	{2E 2F 68 61 68 61 00 70 74 65 64 5F 74 77 65 65 ./haha.pted_twee}
unfreed: <1> lyrebird.client.c(130), 1200 bytes at 0x1909c10  	{02 00 00 00 01 00 00 00 10 00 00 00 01 00 00 00 ................}

Memory usage statistics (global):
 N)umber of allocations made: 3
 L)argest memory usage      : 3600
 T)otal of all alloc() calls: 3600
 U)nfreed bytes totals      : 3600

============= MEMWATCH 2.71 Copyright (C) 1992-1999 Johan Lindh =============

Started at Mon Nov 30 10:25:58 2015

Modes: __STDC__ 64-bit mwDWORD==(unsigned int)
mwROUNDALLOC==8 sizeof(mwData)==56 mwDataSize==56


Stopped at Mon Nov 30 10:25:58 2015


Memory usage statistics (global):
 N)umber of allocations made: 7
 L)argest memory usage      : 8400
 T)otal of all alloc() calls: 8400
 U)nfreed bytes totals      : 0

============= MEMWATCH 2.71 Copyright (C) 1992-1999 Johan Lindh =============

Started at Mon Nov 30 10:25:58 2015

Modes: __STDC__ 64-bit mwDWORD==(unsigned int)
mwROUNDALLOC==8 sizeof(mwData)==56 mwDataSize==56


Stopped at Mon Nov 30 10:25:58 2015


Memory usage statistics (global):
 N)umber of allocations made: 7
 L)argest memory usage      : 8400
 T)otal of all alloc() calls: 8400
 U)nfreed bytes totals      : 0

============= MEMWATCH 2.71 Copyright (C) 1992-1999 Johan Lindh =============

Started at Mon Nov 30 10:25:58 2015

Modes: __STDC__ 64-bit mwDWORD==(unsigned int)
mwROUNDALLOC==8 sizeof(mwData)==56 mwDataSize==56


Stopped at Mon Nov 30 10:25:58 2015


Memory usage statistics (global):
 N)umber of allocations made: 7
 L)argest memory usage      : 8400
 T)otal of all alloc() calls: 8400
 U)nfreed bytes totals      : 0

============= MEMWATCH 2.71 Copyright (C) 1992-1999 Johan Lindh =============

Started at Mon Nov 30 10:26:32 2015

Modes: __STDC__ 64-bit mwDWORD==(unsigned int)
mwROUNDALLOC==8 sizeof(mwData)==56 mwDataSize==56


Stopped at Mon Nov 30 10:26:33 2015

unfreed: <3> lyrebird.client.c(132), 1200 bytes at 0x24e3610  	{2E 2F 68 61 68 61 00 70 74 65 64 5F 74 77 65 65 ./haha.pted_twee}
unfreed: <2> lyrebird.client.c(131), 1200 bytes at 0x24e3110  	{2E 2F 68 61 68 61 00 70 74 65 64 5F 74 77 65 65 ./haha.pted_twee}
unfreed: <1> lyrebird.client.c(130), 1200 bytes at 0x24e2c10  	{02 00 00 00 01 00 00 00 10 00 00 00 01 00 00 00 ................}

Memory usage statistics (global):
 N)umber of allocations made: 3
 L)argest memory usage      : 3600
 T)otal of all alloc() calls: 3600
 U)nfreed bytes totals      : 3600

============= MEMWATCH 2.71 Copyright (C) 1992-1999 Johan Lindh =============

Started at Mon Nov 30 10:26:32 2015

Modes: __STDC__ 64-bit mwDWORD==(unsigned int)
mwROUNDALLOC==8 sizeof(mwData)==56 mwDataSize==56


Stopped at Mon Nov 30 10:26:33 2015


Memory usage statistics (global):
 N)umber of allocations made: 7
 L)argest memory usage      : 8400
 T)otal of all alloc() calls: 8400
 U)nfreed bytes totals      : 0

============= MEMWATCH 2.71 Copyright (C) 1992-1999 Johan Lindh =============

Started at Mon Nov 30 10:26:32 2015

Modes: __STDC__ 64-bit mwDWORD==(unsigned int)
mwROUNDALLOC==8 sizeof(mwData)==56 mwDataSize==56


Stopped at Mon Nov 30 10:26:33 2015


Memory usage statistics (global):
 N)umber of allocations made: 7
 L)argest memory usage      : 8400
 T)otal of all alloc() calls: 8400
 U)nfreed bytes totals      : 0

============= MEMWATCH 2.71 Copyright (C) 1992-1999 Johan Lindh =============

Started at Mon Nov 30 10:26:32 2015

Modes: __STDC__ 64-bit mwDWORD==(unsigned int)
mwROUNDALLOC==8 sizeof(mwData)==56 mwDataSize==56


Stopped at Mon Nov 30 10:26:33 2015


Memory usage statistics (global):
 N)umber of allocations made: 7
 L)argest memory usage      : 8400
 T)otal of all alloc() calls: 8400
 U)nfreed bytes totals      : 0

============= MEMWATCH 2.71 Copyright (C) 1992-1999 Johan Lindh =============

Started at Mon Nov 30 10:31:22 2015

Modes: __STDC__ 64-bit mwDWORD==(unsigned int)
mwROUNDALLOC==8 sizeof(mwData)==56 mwDataSize==56


Stopped at Mon Nov 30 10:31:22 2015

unfreed: <3> lyrebird.client.c(133), 1200 bytes at 0xa24610  	{2E 2F 68 61 68 61 00 70 74 65 64 5F 74 77 65 65 ./haha.pted_twee}
unfreed: <2> lyrebird.client.c(132), 1200 bytes at 0xa24110  	{2E 2F 68 61 68 61 00 70 74 65 64 5F 74 77 65 65 ./haha.pted_twee}
unfreed: <1> lyrebird.client.c(131), 1200 bytes at 0xa23c10  	{02 00 00 00 01 00 00 00 10 00 00 00 01 00 00 00 ................}

Memory usage statistics (global):
 N)umber of allocations made: 3
 L)argest memory usage      : 3600
 T)otal of all alloc() calls: 3600
 U)nfreed bytes totals      : 3600

============= MEMWATCH 2.71 Copyright (C) 1992-1999 Johan Lindh =============

Started at Mon Nov 30 10:31:22 2015

Modes: __STDC__ 64-bit mwDWORD==(unsigned int)
mwROUNDALLOC==8 sizeof(mwData)==56 mwDataSize==56


Stopped at Mon Nov 30 10:31:22 2015


Memory usage statistics (global):
 N)umber of allocations made: 7
 L)argest memory usage      : 8400
 T)otal of all alloc() calls: 8400
 U)nfreed bytes totals      : 0

============= MEMWATCH 2.71 Copyright (C) 1992-1999 Johan Lindh =============

Started at Mon Nov 30 10:31:22 2015

Modes: __STDC__ 64-bit mwDWORD==(unsigned int)
mwROUNDALLOC==8 sizeof(mwData)==56 mwDataSize==56


Stopped at Mon Nov 30 10:31:22 2015


Memory usage statistics (global):
 N)umber of allocations made: 7
 L)argest memory usage      : 8400
 T)otal of all alloc() calls: 8400
 U)nfreed bytes totals      : 0

============= MEMWATCH 2.71 Copyright (C) 1992-1999 Johan Lindh =============

Started at Mon Nov 30 10:31:22 2015

Modes: __STDC__ 64-bit mwDWORD==(unsigned int)
mwROUNDALLOC==8 sizeof(mwData)==56 mwDataSize==56


Stopped at Mon Nov 30 10:31:22 2015


Memory usage statistics (global):
 N)umber of allocations made: 7
 L)argest memory usage      : 8400
 T)otal of all alloc() calls: 8400
 U)nfreed bytes totals      : 0

============= MEMWATCH 2.71 Copyright (C) 1992-1999 Johan Lindh =============

Started at Mon Nov 30 10:33:10 2015

Modes: __STDC__ 64-bit mwDWORD==(unsigned int)
mwROUNDALLOC==8 sizeof(mwData)==56 mwDataSize==56


Stopped at Mon Nov 30 10:33:10 2015

unfreed: <3> lyrebird.client.c(133), 1200 bytes at 0x19d8610  	{2E 2F 68 61 68 61 00 70 74 65 64 5F 74 77 65 65 ./haha.pted_twee}
unfreed: <2> lyrebird.client.c(132), 1200 bytes at 0x19d8110  	{2E 2F 68 61 68 61 00 70 74 65 64 5F 74 77 65 65 ./haha.pted_twee}
unfreed: <1> lyrebird.client.c(131), 1200 bytes at 0x19d7c10  	{02 00 00 00 01 00 00 00 10 00 00 00 01 00 00 00 ................}

Memory usage statistics (global):
 N)umber of allocations made: 3
 L)argest memory usage      : 3600
 T)otal of all alloc() calls: 3600
 U)nfreed bytes totals      : 3600

============= MEMWATCH 2.71 Copyright (C) 1992-1999 Johan Lindh =============

Started at Mon Nov 30 10:33:10 2015

Modes: __STDC__ 64-bit mwDWORD==(unsigned int)
mwROUNDALLOC==8 sizeof(mwData)==56 mwDataSize==56


Stopped at Mon Nov 30 10:33:10 2015


Memory usage statistics (global):
 N)umber of allocations made: 7
 L)argest memory usage      : 8400
 T)otal of all alloc() calls: 8400
 U)nfreed bytes totals      : 0

============= MEMWATCH 2.71 Copyright (C) 1992-1999 Johan Lindh =============

Started at Mon Nov 30 10:33:10 2015

Modes: __STDC__ 64-bit mwDWORD==(unsigned int)
mwROUNDALLOC==8 sizeof(mwData)==56 mwDataSize==56


Stopped at Mon Nov 30 10:33:10 2015


Memory usage statistics (global):
 N)umber of allocations made: 7
 L)argest memory usage      : 8400
 T)otal of all alloc() calls: 8400
 U)nfreed bytes totals      : 0

============= MEMWATCH 2.71 Copyright (C) 1992-1999 Johan Lindh =============

Started at Mon Nov 30 10:33:10 2015

Modes: __STDC__ 64-bit mwDWORD==(unsigned int)
mwROUNDALLOC==8 sizeof(mwData)==56 mwDataSize==56


Stopped at Mon Nov 30 10:33:10 2015


Memory usage statistics (global):
 N)umber of allocations made: 7
 L)argest memory usage      : 8400
 T)otal of all alloc() calls: 8400
 U)nfreed bytes totals      : 0

============= MEMWATCH 2.71 Copyright (C) 1992-1999 Johan Lindh =============

Started at Mon Nov 30 10:34:08 2015

Modes: __STDC__ 64-bit mwDWORD==(unsigned int)
mwROUNDALLOC==8 sizeof(mwData)==56 mwDataSize==56


Stopped at Mon Nov 30 10:34:08 2015

unfreed: <3> lyrebird.client.c(133), 1200 bytes at 0x2004610  	{2E 2F 68 61 68 61 00 70 74 65 64 5F 74 77 65 65 ./haha.pted_twee}
unfreed: <2> lyrebird.client.c(132), 1200 bytes at 0x2004110  	{2E 2F 68 61 68 61 00 70 74 65 64 5F 74 77 65 65 ./haha.pted_twee}
unfreed: <1> lyrebird.client.c(131), 1200 bytes at 0x2003c10  	{02 00 00 00 01 00 00 00 10 00 00 00 01 00 00 00 ................}

Memory usage statistics (global):
 N)umber of allocations made: 3
 L)argest memory usage      : 3600
 T)otal of all alloc() calls: 3600
 U)nfreed bytes totals      : 3600

============= MEMWATCH 2.71 Copyright (C) 1992-1999 Johan Lindh =============

Started at Mon Nov 30 10:34:08 2015

Modes: __STDC__ 64-bit mwDWORD==(unsigned int)
mwROUNDALLOC==8 sizeof(mwData)==56 mwDataSize==56


Stopped at Mon Nov 30 10:34:08 2015


Memory usage statistics (global):
 N)umber of allocations made: 7
 L)argest memory usage      : 8400
 T)otal of all alloc() calls: 8400
 U)nfreed bytes totals      : 0

============= MEMWATCH 2.71 Copyright (C) 1992-1999 Johan Lindh =============

Started at Mon Nov 30 10:34:08 2015

Modes: __STDC__ 64-bit mwDWORD==(unsigned int)
mwROUNDALLOC==8 sizeof(mwData)==56 mwDataSize==56


Stopped at Mon Nov 30 10:34:08 2015


Memory usage statistics (global):
 N)umber of allocations made: 7
 L)argest memory usage      : 8400
 T)otal of all alloc() calls: 8400
 U)nfreed bytes totals      : 0

============= MEMWATCH 2.71 Copyright (C) 1992-1999 Johan Lindh =============

Started at Mon Nov 30 10:34:08 2015

Modes: __STDC__ 64-bit mwDWORD==(unsigned int)
mwROUNDALLOC==8 sizeof(mwData)==56 mwDataSize==56


Stopped at Mon Nov 30 10:34:08 2015


Memory usage statistics (global):
 N)umber of allocations made: 7
 L)argest memory usage      : 8400
 T)otal of all alloc() calls: 8400
 U)nfreed bytes totals      : 0

============= MEMWATCH 2.71 Copyright (C) 1992-1999 Johan Lindh =============

Started at Mon Nov 30 10:38:53 2015

Modes: __STDC__ 64-bit mwDWORD==(unsigned int)
mwROUNDALLOC==8 sizeof(mwData)==56 mwDataSize==56


Stopped at Mon Nov 30 10:38:53 2015

unfreed: <3> lyrebird.client.c(133), 1200 bytes at 0x219b610  	{2E 2F 68 61 68 61 00 70 74 65 64 5F 74 77 65 65 ./haha.pted_twee}
unfreed: <2> lyrebird.client.c(132), 1200 bytes at 0x219b110  	{2E 2F 68 61 68 61 00 70 74 65 64 5F 74 77 65 65 ./haha.pted_twee}
unfreed: <1> lyrebird.client.c(131), 1200 bytes at 0x219ac10  	{02 00 00 00 01 00 00 00 10 00 00 00 01 00 00 00 ................}

Memory usage statistics (global):
 N)umber of allocations made: 3
 L)argest memory usage      : 3600
 T)otal of all alloc() calls: 3600
 U)nfreed bytes totals      : 3600

============= MEMWATCH 2.71 Copyright (C) 1992-1999 Johan Lindh =============

Started at Mon Nov 30 10:38:53 2015

Modes: __STDC__ 64-bit mwDWORD==(unsigned int)
mwROUNDALLOC==8 sizeof(mwData)==56 mwDataSize==56


Stopped at Mon Nov 30 10:38:53 2015


Memory usage statistics (global):
 N)umber of allocations made: 7
 L)argest memory usage      : 8400
 T)otal of all alloc() calls: 8400
 U)nfreed bytes totals      : 0

============= MEMWATCH 2.71 Copyright (C) 1992-1999 Johan Lindh =============

Started at Mon Nov 30 10:38:53 2015

Modes: __STDC__ 64-bit mwDWORD==(unsigned int)
mwROUNDALLOC==8 sizeof(mwData)==56 mwDataSize==56


Stopped at Mon Nov 30 10:38:53 2015


Memory usage statistics (global):
 N)umber of allocations made: 7
 L)argest memory usage      : 8400
 T)otal of all alloc() calls: 8400
 U)nfreed bytes totals      : 0

============= MEMWATCH 2.71 Copyright (C) 1992-1999 Johan Lindh =============

Started at Mon Nov 30 10:38:53 2015

Modes: __STDC__ 64-bit mwDWORD==(unsigned int)
mwROUNDALLOC==8 sizeof(mwData)==56 mwDataSize==56


Stopped at Mon Nov 30 10:38:53 2015


Memory usage statistics (global):
 N)umber of allocations made: 7
 L)argest memory usage      : 8400
 T)otal of all alloc() calls: 8400
 U)nfreed bytes totals      : 0

============= MEMWATCH 2.71 Copyright (C) 1992-1999 Johan Lindh =============

Started at Mon Nov 30 10:40:07 2015

Modes: __STDC__ 64-bit mwDWORD==(unsigned int)
mwROUNDALLOC==8 sizeof(mwData)==56 mwDataSize==56


Stopped at Mon Nov 30 10:40:07 2015


Memory usage statistics (global):
 N)umber of allocations made: 7
 L)argest memory usage      : 8400
 T)otal of all alloc() calls: 8400
 U)nfreed bytes totals      : 0

============= MEMWATCH 2.71 Copyright (C) 1992-1999 Johan Lindh =============

Started at Mon Nov 30 10:40:07 2015

Modes: __STDC__ 64-bit mwDWORD==(unsigned int)
mwROUNDALLOC==8 sizeof(mwData)==56 mwDataSize==56


Stopped at Mon Nov 30 10:40:07 2015


Memory usage statistics (global):
 N)umber of allocations made: 7
 L)argest memory usage      : 8400
 T)otal of all alloc() calls: 8400
 U)nfreed bytes totals      : 0

============= MEMWATCH 2.71 Copyright (C) 1992-1999 Johan Lindh =============

Started at Mon Nov 30 10:40:07 2015

Modes: __STDC__ 64-bit mwDWORD==(unsigned int)
mwROUNDALLOC==8 sizeof(mwData)==56 mwDataSize==56


Stopped at Mon Nov 30 10:40:07 2015


Memory usage statistics (global):
 N)umber of allocations made: 7
 L)argest memory usage      : 8400
 T)otal of all alloc() calls: 8400
 U)nfreed bytes totals      : 0

============= MEMWATCH 2.71 Copyright (C) 1992-1999 Johan Lindh =============

Started at Mon Nov 30 10:40:07 2015

Modes: __STDC__ 64-bit mwDWORD==(unsigned int)
mwROUNDALLOC==8 sizeof(mwData)==56 mwDataSize==56


Stopped at Mon Nov 30 10:40:07 2015


Memory usage statistics (global):
 N)umber of allocations made: 3
 L)argest memory usage      : 3600
 T)otal of all alloc() calls: 3600
 U)nfreed bytes totals      : 0

============= MEMWATCH 2.71 Copyright (C) 1992-1999 Johan Lindh =============

Started at Mon Nov 30 10:41:52 2015

Modes: __STDC__ 64-bit mwDWORD==(unsigned int)
mwROUNDALLOC==8 sizeof(mwData)==56 mwDataSize==56


Stopped at Mon Nov 30 10:41:52 2015


Memory usage statistics (global):
 N)umber of allocations made: 7
 L)argest memory usage      : 8400
 T)otal of all alloc() calls: 8400
 U)nfreed bytes totals      : 0

============= MEMWATCH 2.71 Copyright (C) 1992-1999 Johan Lindh =============

Started at Mon Nov 30 10:41:52 2015

Modes: __STDC__ 64-bit mwDWORD==(unsigned int)
mwROUNDALLOC==8 sizeof(mwData)==56 mwDataSize==56


Stopped at Mon Nov 30 10:41:52 2015


Memory usage statistics (global):
 N)umber of allocations made: 7
 L)argest memory usage      : 8400
 T)otal of all alloc() calls: 8400
 U)nfreed bytes totals      : 0

============= MEMWATCH 2.71 Copyright (C) 1992-1999 Johan Lindh =============

Started at Mon Nov 30 10:41:52 2015

Modes: __STDC__ 64-bit mwDWORD==(unsigned int)
mwROUNDALLOC==8 sizeof(mwData)==56 mwDataSize==56


Stopped at Mon Nov 30 10:41:52 2015


Memory usage statistics (global):
 N)umber of allocations made: 7
 L)argest memory usage      : 8400
 T)otal of all alloc() calls: 8400
 U)nfreed bytes totals      : 0

============= MEMWATCH 2.71 Copyright (C) 1992-1999 Johan Lindh =============

Started at Mon Nov 30 10:41:52 2015

Modes: __STDC__ 64-bit mwDWORD==(unsigned int)
mwROUNDALLOC==8 sizeof(mwData)==56 mwDataSize==56


Stopped at Mon Nov 30 10:41:52 2015


Memory usage statistics (global):
 N)umber of allocations made: 3
 L)argest memory usage      : 3600
 T)otal of all alloc() calls: 3600
 U)nfreed bytes totals      : 0

============= MEMWATCH 2.71 Copyright (C) 1992-1999 Johan Lindh =============

Started at Mon Nov 30 10:43:16 2015

Modes: __STDC__ 64-bit mwDWORD==(unsigned int)
mwROUNDALLOC==8 sizeof(mwData)==56 mwDataSize==56


Stopped at Mon Nov 30 10:43:16 2015


Memory usage statistics (global):
 N)umber of allocations made: 7
 L)argest memory usage      : 8400
 T)otal of all alloc() calls: 8400
 U)nfreed bytes totals      : 0

============= MEMWATCH 2.71 Copyright (C) 1992-1999 Johan Lindh =============

Started at Mon Nov 30 10:43:16 2015

Modes: __STDC__ 64-bit mwDWORD==(unsigned int)
mwROUNDALLOC==8 sizeof(mwData)==56 mwDataSize==56


Stopped at Mon Nov 30 10:43:16 2015


Memory usage statistics (global):
 N)umber of allocations made: 7
 L)argest memory usage      : 8400
 T)otal of all alloc() calls: 8400
 U)nfreed bytes totals      : 0

============= MEMWATCH 2.71 Copyright (C) 1992-1999 Johan Lindh =============

Started at Mon Nov 30 10:43:16 2015

Modes: __STDC__ 64-bit mwDWORD==(unsigned int)
mwROUNDALLOC==8 sizeof(mwData)==56 mwDataSize==56


Stopped at Mon Nov 30 10:43:16 2015


Memory usage statistics (global):
 N)umber of allocations made: 7
 L)argest memory usage      : 8400
 T)otal of all alloc() calls: 8400
 U)nfreed bytes totals      : 0

============= MEMWATCH 2.71 Copyright (C) 1992-1999 Johan Lindh =============

Started at Mon Nov 30 10:43:16 2015

Modes: __STDC__ 64-bit mwDWORD==(unsigned int)
mwROUNDALLOC==8 sizeof(mwData)==56 mwDataSize==56


Stopped at Mon Nov 30 10:43:16 2015


Memory usage statistics (global):
 N)umber of allocations made: 3
 L)argest memory usage      : 3600
 T)otal of all alloc() calls: 3600
 U)nfreed bytes totals      : 0

============= MEMWATCH 2.71 Copyright (C) 1992-1999 Johan Lindh =============

Started at Mon Nov 30 10:45:26 2015

Modes: __STDC__ 64-bit mwDWORD==(unsigned int)
mwROUNDALLOC==8 sizeof(mwData)==56 mwDataSize==56


Stopped at Mon Nov 30 10:45:26 2015

unfreed: <3> lyrebird.client.c(133), 1200 bytes at 0xe1e610  	{FE FE FE FE FE FE FE FE FE FE FE FE FE FE FE FE ................}
unfreed: <2> lyrebird.client.c(132), 1200 bytes at 0xe1e110  	{FE FE FE FE FE FE FE FE FE FE FE FE FE FE FE FE ................}
unfreed: <1> lyrebird.client.c(131), 1200 bytes at 0xe1dc10  	{FE FE FE FE FE FE FE FE FE FE FE FE FE FE FE FE ................}

Memory usage statistics (global):
 N)umber of allocations made: 3
 L)argest memory usage      : 3600
 T)otal of all alloc() calls: 3600
 U)nfreed bytes totals      : 3600

============= MEMWATCH 2.71 Copyright (C) 1992-1999 Johan Lindh =============

Started at Mon Nov 30 10:45:28 2015

Modes: __STDC__ 64-bit mwDWORD==(unsigned int)
mwROUNDALLOC==8 sizeof(mwData)==56 mwDataSize==56


Stopped at Mon Nov 30 10:45:28 2015


Memory usage statistics (global):
 N)umber of allocations made: 7
 L)argest memory usage      : 8400
 T)otal of all alloc() calls: 8400
 U)nfreed bytes totals      : 0

============= MEMWATCH 2.71 Copyright (C) 1992-1999 Johan Lindh =============

Started at Mon Nov 30 10:45:28 2015

Modes: __STDC__ 64-bit mwDWORD==(unsigned int)
mwROUNDALLOC==8 sizeof(mwData)==56 mwDataSize==56


Stopped at Mon Nov 30 10:45:28 2015


Memory usage statistics (global):
 N)umber of allocations made: 7
 L)argest memory usage      : 8400
 T)otal of all alloc() calls: 8400
 U)nfreed bytes totals      : 0

============= MEMWATCH 2.71 Copyright (C) 1992-1999 Johan Lindh =============

Started at Mon Nov 30 10:45:28 2015

Modes: __STDC__ 64-bit mwDWORD==(unsigned int)
mwROUNDALLOC==8 sizeof(mwData)==56 mwDataSize==56


Stopped at Mon Nov 30 10:45:28 2015


Memory usage statistics (global):
 N)umber of allocations made: 7
 L)argest memory usage      : 8400
 T)otal of all alloc() calls: 8400
 U)nfreed bytes totals      : 0

============= MEMWATCH 2.71 Copyright (C) 1992-1999 Johan Lindh =============

Started at Mon Nov 30 10:45:28 2015

Modes: __STDC__ 64-bit mwDWORD==(unsigned int)
mwROUNDALLOC==8 sizeof(mwData)==56 mwDataSize==56


Stopped at Mon Nov 30 10:45:28 2015


Memory usage statistics (global):
 N)umber of allocations made: 3
 L)argest memory usage      : 3600
 T)otal of all alloc() calls: 3600
 U)nfreed bytes totals      : 0
